{"C:\\Users\\Willi\\Medieinstitutet\\kunskapskontroll2\\src\\api-service.js": {"path":"C:\\Users\\Willi\\Medieinstitutet\\kunskapskontroll2\\src\\api-service.js","statementMap":{"0":{"start":{"line":2,"column":2},"end":{"line":2,"column":212}},"1":{"start":{"line":4,"column":17},"end":{"line":4,"column":68}},"2":{"start":{"line":9,"column":25},"end":{"line":9,"column":31}},"3":{"start":{"line":10,"column":12},"end":{"line":10,"column":82}},"4":{"start":{"line":12,"column":2},"end":{"line":12,"column":null}},"5":{"start":{"line":14,"column":17},"end":{"line":14,"column":33}},"6":{"start":{"line":16,"column":2},"end":{"line":16,"column":null}},"7":{"start":{"line":16,"column":20},"end":{"line":16,"column":null}},"8":{"start":{"line":17,"column":15},"end":{"line":17,"column":36}},"9":{"start":{"line":18,"column":2},"end":{"line":18,"column":null}},"10":{"start":{"line":26,"column":25},"end":{"line":26,"column":51}},"11":{"start":{"line":27,"column":12},"end":{"line":27,"column":60}},"12":{"start":{"line":30,"column":2},"end":{"line":32,"column":null}},"13":{"start":{"line":31,"column":4},"end":{"line":31,"column":null}},"14":{"start":{"line":34,"column":2},"end":{"line":36,"column":null}},"15":{"start":{"line":35,"column":4},"end":{"line":35,"column":null}},"16":{"start":{"line":38,"column":2},"end":{"line":41,"column":null}},"17":{"start":{"line":39,"column":28},"end":{"line":39,"column":57}},"18":{"start":{"line":40,"column":4},"end":{"line":40,"column":null}},"19":{"start":{"line":42,"column":2},"end":{"line":42,"column":null}},"20":{"start":{"line":43,"column":17},"end":{"line":43,"column":33}},"21":{"start":{"line":44,"column":2},"end":{"line":44,"column":null}},"22":{"start":{"line":44,"column":20},"end":{"line":44,"column":null}},"23":{"start":{"line":45,"column":15},"end":{"line":45,"column":36}},"24":{"start":{"line":47,"column":2},"end":{"line":47,"column":null}},"25":{"start":{"line":51,"column":25},"end":{"line":51,"column":51}},"26":{"start":{"line":52,"column":12},"end":{"line":52,"column":78}},"27":{"start":{"line":54,"column":2},"end":{"line":54,"column":null}},"28":{"start":{"line":56,"column":17},"end":{"line":56,"column":33}},"29":{"start":{"line":57,"column":2},"end":{"line":57,"column":null}},"30":{"start":{"line":57,"column":20},"end":{"line":57,"column":null}},"31":{"start":{"line":59,"column":15},"end":{"line":59,"column":36}},"32":{"start":{"line":60,"column":2},"end":{"line":60,"column":null}},"33":{"start":{"line":64,"column":25},"end":{"line":64,"column":45}},"34":{"start":{"line":66,"column":12},"end":{"line":66,"column":60}},"35":{"start":{"line":68,"column":2},"end":{"line":70,"column":null}},"36":{"start":{"line":69,"column":4},"end":{"line":69,"column":null}},"37":{"start":{"line":72,"column":2},"end":{"line":72,"column":null}},"38":{"start":{"line":73,"column":17},"end":{"line":73,"column":33}},"39":{"start":{"line":75,"column":2},"end":{"line":75,"column":null}},"40":{"start":{"line":75,"column":20},"end":{"line":75,"column":null}},"41":{"start":{"line":77,"column":15},"end":{"line":77,"column":36}},"42":{"start":{"line":78,"column":2},"end":{"line":78,"column":null}},"43":{"start":{"line":83,"column":25},"end":{"line":83,"column":46}},"44":{"start":{"line":84,"column":12},"end":{"line":84,"column":60}},"45":{"start":{"line":86,"column":2},"end":{"line":88,"column":null}},"46":{"start":{"line":87,"column":4},"end":{"line":87,"column":null}},"47":{"start":{"line":90,"column":2},"end":{"line":92,"column":null}},"48":{"start":{"line":91,"column":4},"end":{"line":91,"column":null}},"49":{"start":{"line":94,"column":2},"end":{"line":94,"column":null}},"50":{"start":{"line":95,"column":17},"end":{"line":95,"column":33}},"51":{"start":{"line":96,"column":2},"end":{"line":96,"column":null}},"52":{"start":{"line":96,"column":20},"end":{"line":96,"column":null}},"53":{"start":{"line":97,"column":2},"end":{"line":97,"column":null}},"54":{"start":{"line":102,"column":25},"end":{"line":102,"column":36}},"55":{"start":{"line":103,"column":12},"end":{"line":103,"column":60}},"56":{"start":{"line":105,"column":2},"end":{"line":107,"column":null}},"57":{"start":{"line":106,"column":4},"end":{"line":106,"column":null}},"58":{"start":{"line":109,"column":2},"end":{"line":109,"column":null}},"59":{"start":{"line":110,"column":17},"end":{"line":110,"column":33}},"60":{"start":{"line":111,"column":2},"end":{"line":111,"column":null}},"61":{"start":{"line":111,"column":20},"end":{"line":111,"column":null}},"62":{"start":{"line":112,"column":2},"end":{"line":112,"column":null}}},"fnMap":{"0":{"name":"fetchIngredients","decl":{"start":{"line":8,"column":22},"end":{"line":8,"column":38}},"loc":{"start":{"line":8,"column":46},"end":{"line":19,"column":null}},"line":8},"1":{"name":"fetchRecipes","decl":{"start":{"line":21,"column":22},"end":{"line":21,"column":34}},"loc":{"start":{"line":25,"column":2},"end":{"line":48,"column":null}},"line":25},"2":{"name":"fetchRecipeById","decl":{"start":{"line":50,"column":22},"end":{"line":50,"column":37}},"loc":{"start":{"line":50,"column":48},"end":{"line":61,"column":null}},"line":50},"3":{"name":"fetchPromotions","decl":{"start":{"line":63,"column":22},"end":{"line":63,"column":37}},"loc":{"start":{"line":63,"column":42},"end":{"line":79,"column":null}},"line":63},"4":{"name":"fetchProductInfo","decl":{"start":{"line":82,"column":22},"end":{"line":82,"column":38}},"loc":{"start":{"line":82,"column":60},"end":{"line":98,"column":null}},"line":82},"5":{"name":"fetchNutrition","decl":{"start":{"line":101,"column":22},"end":{"line":101,"column":36}},"loc":{"start":{"line":101,"column":58},"end":{"line":113,"column":null}},"line":101}},"branchMap":{"0":{"loc":{"start":{"line":16,"column":2},"end":{"line":16,"column":null}},"type":"if","locations":[{"start":{"line":16,"column":2},"end":{"line":16,"column":null}},{"start":{},"end":{}}],"line":16},"1":{"loc":{"start":{"line":30,"column":2},"end":{"line":32,"column":null}},"type":"if","locations":[{"start":{"line":30,"column":2},"end":{"line":32,"column":null}},{"start":{},"end":{}}],"line":30},"2":{"loc":{"start":{"line":34,"column":2},"end":{"line":36,"column":null}},"type":"if","locations":[{"start":{"line":34,"column":2},"end":{"line":36,"column":null}},{"start":{},"end":{}}],"line":34},"3":{"loc":{"start":{"line":38,"column":2},"end":{"line":41,"column":null}},"type":"if","locations":[{"start":{"line":38,"column":2},"end":{"line":41,"column":null}},{"start":{},"end":{}}],"line":38},"4":{"loc":{"start":{"line":38,"column":6},"end":{"line":38,"column":59}},"type":"binary-expr","locations":[{"start":{"line":38,"column":6},"end":{"line":38,"column":25}},{"start":{"line":38,"column":29},"end":{"line":38,"column":59}}],"line":38},"5":{"loc":{"start":{"line":44,"column":2},"end":{"line":44,"column":null}},"type":"if","locations":[{"start":{"line":44,"column":2},"end":{"line":44,"column":null}},{"start":{},"end":{}}],"line":44},"6":{"loc":{"start":{"line":57,"column":2},"end":{"line":57,"column":null}},"type":"if","locations":[{"start":{"line":57,"column":2},"end":{"line":57,"column":null}},{"start":{},"end":{}}],"line":57},"7":{"loc":{"start":{"line":68,"column":2},"end":{"line":70,"column":null}},"type":"if","locations":[{"start":{"line":68,"column":2},"end":{"line":70,"column":null}},{"start":{},"end":{}}],"line":68},"8":{"loc":{"start":{"line":75,"column":2},"end":{"line":75,"column":null}},"type":"if","locations":[{"start":{"line":75,"column":2},"end":{"line":75,"column":null}},{"start":{},"end":{}}],"line":75},"9":{"loc":{"start":{"line":86,"column":2},"end":{"line":88,"column":null}},"type":"if","locations":[{"start":{"line":86,"column":2},"end":{"line":88,"column":null}},{"start":{},"end":{}}],"line":86},"10":{"loc":{"start":{"line":90,"column":2},"end":{"line":92,"column":null}},"type":"if","locations":[{"start":{"line":90,"column":2},"end":{"line":92,"column":null}},{"start":{},"end":{}}],"line":90},"11":{"loc":{"start":{"line":96,"column":2},"end":{"line":96,"column":null}},"type":"if","locations":[{"start":{"line":96,"column":2},"end":{"line":96,"column":null}},{"start":{},"end":{}}],"line":96},"12":{"loc":{"start":{"line":105,"column":2},"end":{"line":107,"column":null}},"type":"if","locations":[{"start":{"line":105,"column":2},"end":{"line":107,"column":null}},{"start":{},"end":{}}],"line":105},"13":{"loc":{"start":{"line":111,"column":2},"end":{"line":111,"column":null}},"type":"if","locations":[{"start":{"line":111,"column":2},"end":{"line":111,"column":null}},{"start":{},"end":{}}],"line":111}},"s":{"0":2,"1":2,"2":0,"3":0,"4":0,"5":0,"6":0,"7":0,"8":0,"9":0,"10":0,"11":0,"12":0,"13":0,"14":0,"15":0,"16":0,"17":0,"18":0,"19":0,"20":0,"21":0,"22":0,"23":0,"24":0,"25":0,"26":0,"27":0,"28":0,"29":0,"30":0,"31":0,"32":0,"33":7,"34":7,"35":7,"36":3,"37":7,"38":7,"39":7,"40":1,"41":6,"42":6,"43":3,"44":3,"45":3,"46":2,"47":3,"48":1,"49":3,"50":3,"51":3,"52":0,"53":3,"54":0,"55":0,"56":0,"57":0,"58":0,"59":0,"60":0,"61":0,"62":0},"f":{"0":0,"1":0,"2":0,"3":7,"4":3,"5":0},"b":{"0":[0,0],"1":[0,0],"2":[0,0],"3":[0,0],"4":[0,0],"5":[0,0],"6":[0,0],"7":[3,4],"8":[1,6],"9":[2,1],"10":[1,2],"11":[0,3],"12":[0,0],"13":[0,0]},"meta":{"lastBranch":14,"lastFunction":6,"lastStatement":63,"seen":{"s:2:2:2:212":0,"s:4:17:4:68":1,"f:8:22:8:38":0,"s:9:25:9:31":2,"s:10:12:10:82":3,"s:12:2:12:Infinity":4,"s:14:17:14:33":5,"b:16:2:16:Infinity:undefined:undefined:undefined:undefined":0,"s:16:2:16:Infinity":6,"s:16:20:16:Infinity":7,"s:17:15:17:36":8,"s:18:2:18:Infinity":9,"f:21:22:21:34":1,"s:26:25:26:51":10,"s:27:12:27:60":11,"b:30:2:32:Infinity:undefined:undefined:undefined:undefined":1,"s:30:2:32:Infinity":12,"s:31:4:31:Infinity":13,"b:34:2:36:Infinity:undefined:undefined:undefined:undefined":2,"s:34:2:36:Infinity":14,"s:35:4:35:Infinity":15,"b:38:2:41:Infinity:undefined:undefined:undefined:undefined":3,"s:38:2:41:Infinity":16,"b:38:6:38:25:38:29:38:59":4,"s:39:28:39:57":17,"s:40:4:40:Infinity":18,"s:42:2:42:Infinity":19,"s:43:17:43:33":20,"b:44:2:44:Infinity:undefined:undefined:undefined:undefined":5,"s:44:2:44:Infinity":21,"s:44:20:44:Infinity":22,"s:45:15:45:36":23,"s:47:2:47:Infinity":24,"f:50:22:50:37":2,"s:51:25:51:51":25,"s:52:12:52:78":26,"s:54:2:54:Infinity":27,"s:56:17:56:33":28,"b:57:2:57:Infinity:undefined:undefined:undefined:undefined":6,"s:57:2:57:Infinity":29,"s:57:20:57:Infinity":30,"s:59:15:59:36":31,"s:60:2:60:Infinity":32,"f:63:22:63:37":3,"s:64:25:64:45":33,"s:66:12:66:60":34,"b:68:2:70:Infinity:undefined:undefined:undefined:undefined":7,"s:68:2:70:Infinity":35,"s:69:4:69:Infinity":36,"s:72:2:72:Infinity":37,"s:73:17:73:33":38,"b:75:2:75:Infinity:undefined:undefined:undefined:undefined":8,"s:75:2:75:Infinity":39,"s:75:20:75:Infinity":40,"s:77:15:77:36":41,"s:78:2:78:Infinity":42,"f:82:22:82:38":4,"s:83:25:83:46":43,"s:84:12:84:60":44,"b:86:2:88:Infinity:undefined:undefined:undefined:undefined":9,"s:86:2:88:Infinity":45,"s:87:4:87:Infinity":46,"b:90:2:92:Infinity:undefined:undefined:undefined:undefined":10,"s:90:2:92:Infinity":47,"s:91:4:91:Infinity":48,"s:94:2:94:Infinity":49,"s:95:17:95:33":50,"b:96:2:96:Infinity:undefined:undefined:undefined:undefined":11,"s:96:2:96:Infinity":51,"s:96:20:96:Infinity":52,"s:97:2:97:Infinity":53,"f:101:22:101:36":5,"s:102:25:102:36":54,"s:103:12:103:60":55,"b:105:2:107:Infinity:undefined:undefined:undefined:undefined":12,"s:105:2:107:Infinity":56,"s:106:4:106:Infinity":57,"s:109:2:109:Infinity":58,"s:110:17:110:33":59,"b:111:2:111:Infinity:undefined:undefined:undefined:undefined":13,"s:111:2:111:Infinity":60,"s:111:20:111:Infinity":61,"s:112:2:112:Infinity":62}}}
,"C:\\Users\\Willi\\Medieinstitutet\\kunskapskontroll2\\src\\app.model.js": {"path":"C:\\Users\\Willi\\Medieinstitutet\\kunskapskontroll2\\src\\app.model.js","statementMap":{"0":{"start":{"line":4,"column":4},"end":{"line":4,"column":null}},"1":{"start":{"line":5,"column":4},"end":{"line":5,"column":null}},"2":{"start":{"line":8,"column":4},"end":{"line":8,"column":null}},"3":{"start":{"line":11,"column":4},"end":{"line":11,"column":null}},"4":{"start":{"line":14,"column":4},"end":{"line":14,"column":null}},"5":{"start":{"line":18,"column":4},"end":{"line":18,"column":null}},"6":{"start":{"line":22,"column":4},"end":{"line":22,"column":null}},"7":{"start":{"line":26,"column":4},"end":{"line":26,"column":null}},"8":{"start":{"line":30,"column":4},"end":{"line":30,"column":null}},"9":{"start":{"line":34,"column":25},"end":{"line":37,"column":5}},"10":{"start":{"line":36,"column":14},"end":{"line":36,"column":39}},"11":{"start":{"line":39,"column":4},"end":{"line":41,"column":null}},"12":{"start":{"line":40,"column":6},"end":{"line":40,"column":null}},"13":{"start":{"line":45,"column":4},"end":{"line":45,"column":null}},"14":{"start":{"line":49,"column":4},"end":{"line":51,"column":null}},"15":{"start":{"line":50,"column":14},"end":{"line":50,"column":38}},"16":{"start":{"line":55,"column":4},"end":{"line":55,"column":null}},"17":{"start":{"line":59,"column":4},"end":{"line":59,"column":null}},"18":{"start":{"line":63,"column":4},"end":{"line":63,"column":null}},"19":{"start":{"line":67,"column":4},"end":{"line":67,"column":null}},"20":{"start":{"line":71,"column":4},"end":{"line":71,"column":null}},"21":{"start":{"line":75,"column":4},"end":{"line":75,"column":null}},"22":{"start":{"line":79,"column":4},"end":{"line":79,"column":null}},"23":{"start":{"line":84,"column":21},"end":{"line":84,"column":73}},"24":{"start":{"line":84,"column":54},"end":{"line":84,"column":71}},"25":{"start":{"line":86,"column":4},"end":{"line":88,"column":null}},"26":{"start":{"line":87,"column":6},"end":{"line":87,"column":30}},"27":{"start":{"line":93,"column":24},"end":{"line":93,"column":78}},"28":{"start":{"line":93,"column":68},"end":{"line":93,"column":76}},"29":{"start":{"line":95,"column":4},"end":{"line":97,"column":null}},"30":{"start":{"line":96,"column":6},"end":{"line":96,"column":33}},"31":{"start":{"line":101,"column":4},"end":{"line":105,"column":null}},"32":{"start":{"line":102,"column":23},"end":{"line":102,"column":77}},"33":{"start":{"line":103,"column":23},"end":{"line":103,"column":77}},"34":{"start":{"line":104,"column":6},"end":{"line":104,"column":33}}},"fnMap":{"0":{"name":"(anonymous_0)","decl":{"start":{"line":2,"column":2},"end":{"line":2,"column":13}},"loc":{"start":{"line":2,"column":16},"end":{"line":15,"column":null}},"line":2},"1":{"name":"(anonymous_1)","decl":{"start":{"line":17,"column":2},"end":{"line":17,"column":16}},"loc":{"start":{"line":17,"column":24},"end":{"line":19,"column":null}},"line":17},"2":{"name":"(anonymous_2)","decl":{"start":{"line":21,"column":2},"end":{"line":21,"column":16}},"loc":{"start":{"line":21,"column":19},"end":{"line":23,"column":null}},"line":21},"3":{"name":"(anonymous_3)","decl":{"start":{"line":25,"column":2},"end":{"line":25,"column":19}},"loc":{"start":{"line":25,"column":30},"end":{"line":27,"column":null}},"line":25},"4":{"name":"(anonymous_4)","decl":{"start":{"line":29,"column":2},"end":{"line":29,"column":19}},"loc":{"start":{"line":29,"column":22},"end":{"line":31,"column":null}},"line":29},"5":{"name":"(anonymous_5)","decl":{"start":{"line":33,"column":2},"end":{"line":33,"column":23}},"loc":{"start":{"line":33,"column":36},"end":{"line":42,"column":null}},"line":33},"6":{"name":"(anonymous_6)","decl":{"start":{"line":36,"column":6},"end":{"line":36,"column":10}},"loc":{"start":{"line":36,"column":14},"end":{"line":36,"column":39}},"line":36},"7":{"name":"(anonymous_7)","decl":{"start":{"line":44,"column":2},"end":{"line":44,"column":24}},"loc":{"start":{"line":44,"column":27},"end":{"line":46,"column":null}},"line":44},"8":{"name":"(anonymous_8)","decl":{"start":{"line":48,"column":2},"end":{"line":48,"column":26}},"loc":{"start":{"line":48,"column":41},"end":{"line":52,"column":null}},"line":48},"9":{"name":"(anonymous_9)","decl":{"start":{"line":50,"column":6},"end":{"line":50,"column":10}},"loc":{"start":{"line":50,"column":14},"end":{"line":50,"column":38}},"line":50},"10":{"name":"(anonymous_10)","decl":{"start":{"line":54,"column":2},"end":{"line":54,"column":26}},"loc":{"start":{"line":54,"column":29},"end":{"line":56,"column":null}},"line":54},"11":{"name":"(anonymous_11)","decl":{"start":{"line":58,"column":2},"end":{"line":58,"column":18}},"loc":{"start":{"line":58,"column":28},"end":{"line":60,"column":null}},"line":58},"12":{"name":"(anonymous_12)","decl":{"start":{"line":62,"column":2},"end":{"line":62,"column":18}},"loc":{"start":{"line":62,"column":21},"end":{"line":64,"column":null}},"line":62},"13":{"name":"(anonymous_13)","decl":{"start":{"line":66,"column":2},"end":{"line":66,"column":20}},"loc":{"start":{"line":66,"column":23},"end":{"line":68,"column":null}},"line":66},"14":{"name":"(anonymous_14)","decl":{"start":{"line":70,"column":2},"end":{"line":70,"column":15}},"loc":{"start":{"line":70,"column":28},"end":{"line":72,"column":null}},"line":70},"15":{"name":"(anonymous_15)","decl":{"start":{"line":74,"column":2},"end":{"line":74,"column":15}},"loc":{"start":{"line":74,"column":18},"end":{"line":76,"column":null}},"line":74},"16":{"name":"(anonymous_16)","decl":{"start":{"line":78,"column":2},"end":{"line":78,"column":17}},"loc":{"start":{"line":78,"column":20},"end":{"line":80,"column":null}},"line":78},"17":{"name":"(anonymous_17)","decl":{"start":{"line":83,"column":2},"end":{"line":83,"column":32}},"loc":{"start":{"line":83,"column":41},"end":{"line":89,"column":null}},"line":83},"18":{"name":"(anonymous_18)","decl":{"start":{"line":84,"column":49},"end":{"line":84,"column":50}},"loc":{"start":{"line":84,"column":54},"end":{"line":84,"column":71}},"line":84},"19":{"name":"(anonymous_19)","decl":{"start":{"line":86,"column":43},"end":{"line":86,"column":53}},"loc":{"start":{"line":87,"column":6},"end":{"line":87,"column":30}},"line":87},"20":{"name":"(anonymous_20)","decl":{"start":{"line":92,"column":2},"end":{"line":92,"column":41}},"loc":{"start":{"line":92,"column":50},"end":{"line":98,"column":null}},"line":92},"21":{"name":"(anonymous_21)","decl":{"start":{"line":93,"column":61},"end":{"line":93,"column":64}},"loc":{"start":{"line":93,"column":68},"end":{"line":93,"column":76}},"line":93},"22":{"name":"(anonymous_22)","decl":{"start":{"line":95,"column":43},"end":{"line":95,"column":53}},"loc":{"start":{"line":96,"column":6},"end":{"line":96,"column":33}},"line":96},"23":{"name":"(anonymous_23)","decl":{"start":{"line":100,"column":2},"end":{"line":100,"column":22}},"loc":{"start":{"line":100,"column":32},"end":{"line":106,"column":null}},"line":100},"24":{"name":"(anonymous_24)","decl":{"start":{"line":101,"column":24},"end":{"line":101,"column":25}},"loc":{"start":{"line":101,"column":34},"end":{"line":105,"column":5}},"line":101}},"branchMap":{"0":{"loc":{"start":{"line":39,"column":4},"end":{"line":41,"column":null}},"type":"if","locations":[{"start":{"line":39,"column":4},"end":{"line":41,"column":null}},{"start":{},"end":{}}],"line":39}},"s":{"0":4,"1":4,"2":4,"3":4,"4":4,"5":0,"6":0,"7":0,"8":0,"9":3,"10":1,"11":3,"12":3,"13":2,"14":1,"15":2,"16":0,"17":5,"18":1,"19":0,"20":5,"21":5,"22":0,"23":0,"24":0,"25":0,"26":0,"27":2,"28":0,"29":2,"30":4,"31":5,"32":1,"33":1,"34":1},"f":{"0":4,"1":0,"2":0,"3":0,"4":0,"5":3,"6":1,"7":2,"8":1,"9":2,"10":0,"11":5,"12":1,"13":0,"14":5,"15":5,"16":0,"17":0,"18":0,"19":0,"20":2,"21":0,"22":4,"23":5,"24":1},"b":{"0":[3,0]},"meta":{"lastBranch":1,"lastFunction":25,"lastStatement":35,"seen":{"f:2:2:2:13":0,"s:4:4:4:Infinity":0,"s:5:4:5:Infinity":1,"s:8:4:8:Infinity":2,"s:11:4:11:Infinity":3,"s:14:4:14:Infinity":4,"f:17:2:17:16":1,"s:18:4:18:Infinity":5,"f:21:2:21:16":2,"s:22:4:22:Infinity":6,"f:25:2:25:19":3,"s:26:4:26:Infinity":7,"f:29:2:29:19":4,"s:30:4:30:Infinity":8,"f:33:2:33:23":5,"s:34:25:37:5":9,"f:36:6:36:10":6,"s:36:14:36:39":10,"b:39:4:41:Infinity:undefined:undefined:undefined:undefined":0,"s:39:4:41:Infinity":11,"s:40:6:40:Infinity":12,"f:44:2:44:24":7,"s:45:4:45:Infinity":13,"f:48:2:48:26":8,"s:49:4:51:Infinity":14,"f:50:6:50:10":9,"s:50:14:50:38":15,"f:54:2:54:26":10,"s:55:4:55:Infinity":16,"f:58:2:58:18":11,"s:59:4:59:Infinity":17,"f:62:2:62:18":12,"s:63:4:63:Infinity":18,"f:66:2:66:20":13,"s:67:4:67:Infinity":19,"f:70:2:70:15":14,"s:71:4:71:Infinity":20,"f:74:2:74:15":15,"s:75:4:75:Infinity":21,"f:78:2:78:17":16,"s:79:4:79:Infinity":22,"f:83:2:83:32":17,"s:84:21:84:73":23,"f:84:49:84:50":18,"s:84:54:84:71":24,"s:86:4:88:Infinity":25,"f:86:43:86:53":19,"s:87:6:87:30":26,"f:92:2:92:41":20,"s:93:24:93:78":27,"f:93:61:93:64":21,"s:93:68:93:76":28,"s:95:4:97:Infinity":29,"f:95:43:95:53":22,"s:96:6:96:33":30,"f:100:2:100:22":23,"s:101:4:105:Infinity":31,"f:101:24:101:25":24,"s:102:23:102:77":32,"s:103:23:103:77":33,"s:104:6:104:33":34}}}
,"C:\\Users\\Willi\\Medieinstitutet\\kunskapskontroll2\\src\\app.view.js": {"path":"C:\\Users\\Willi\\Medieinstitutet\\kunskapskontroll2\\src\\app.view.js","statementMap":{"0":{"start":{"line":3,"column":20},"end":{"line":3,"column":66}},"1":{"start":{"line":4,"column":2},"end":{"line":4,"column":null}},"2":{"start":{"line":6,"column":22},"end":{"line":6,"column":24}},"3":{"start":{"line":8,"column":2},"end":{"line":26,"column":null}},"4":{"start":{"line":9,"column":21},"end":{"line":9,"column":52}},"5":{"start":{"line":11,"column":4},"end":{"line":24,"column":null}},"6":{"start":{"line":25,"column":0},"end":{"line":25,"column":null}},"7":{"start":{"line":28,"column":2},"end":{"line":28,"column":null}},"8":{"start":{"line":33,"column":16},"end":{"line":33,"column":55}},"9":{"start":{"line":34,"column":17},"end":{"line":34,"column":55}},"10":{"start":{"line":35,"column":17},"end":{"line":35,"column":62}},"11":{"start":{"line":38,"column":4},"end":{"line":41,"column":null}},"12":{"start":{"line":39,"column":8},"end":{"line":39,"column":null}},"13":{"start":{"line":40,"column":8},"end":{"line":40,"column":null}},"14":{"start":{"line":43,"column":4},"end":{"line":45,"column":null}},"15":{"start":{"line":44,"column":8},"end":{"line":44,"column":null}},"16":{"start":{"line":46,"column":4},"end":{"line":48,"column":null}},"17":{"start":{"line":47,"column":8},"end":{"line":47,"column":null}},"18":{"start":{"line":53,"column":17},"end":{"line":53,"column":59}},"19":{"start":{"line":54,"column":4},"end":{"line":54,"column":null}},"20":{"start":{"line":54,"column":15},"end":{"line":54,"column":null}},"21":{"start":{"line":55,"column":4},"end":{"line":55,"column":null}},"22":{"start":{"line":57,"column":4},"end":{"line":62,"column":null}},"23":{"start":{"line":58,"column":19},"end":{"line":58,"column":47}},"24":{"start":{"line":59,"column":8},"end":{"line":59,"column":null}},"25":{"start":{"line":60,"column":8},"end":{"line":60,"column":null}},"26":{"start":{"line":61,"column":8},"end":{"line":61,"column":null}},"27":{"start":{"line":67,"column":22},"end":{"line":67,"column":71}},"28":{"start":{"line":68,"column":4},"end":{"line":68,"column":27}},"29":{"start":{"line":68,"column":20},"end":{"line":68,"column":27}},"30":{"start":{"line":69,"column":4},"end":{"line":69,"column":null}},"31":{"start":{"line":71,"column":18},"end":{"line":74,"column":34}},"32":{"start":{"line":73,"column":18},"end":{"line":73,"column":26}},"33":{"start":{"line":74,"column":21},"end":{"line":74,"column":33}},"34":{"start":{"line":77,"column":4},"end":{"line":83,"column":null}},"35":{"start":{"line":78,"column":20},"end":{"line":78,"column":49}},"36":{"start":{"line":79,"column":8},"end":{"line":79,"column":null}},"37":{"start":{"line":80,"column":8},"end":{"line":80,"column":null}},"38":{"start":{"line":81,"column":8},"end":{"line":81,"column":null}},"39":{"start":{"line":82,"column":8},"end":{"line":82,"column":null}},"40":{"start":{"line":85,"column":4},"end":{"line":95,"column":null}},"41":{"start":{"line":86,"column":20},"end":{"line":86,"column":49}},"42":{"start":{"line":87,"column":8},"end":{"line":87,"column":55}},"43":{"start":{"line":88,"column":38},"end":{"line":88,"column":66}},"44":{"start":{"line":90,"column":8},"end":{"line":93,"column":null}},"45":{"start":{"line":94,"column":8},"end":{"line":94,"column":null}},"46":{"start":{"line":100,"column":22},"end":{"line":100,"column":69}},"47":{"start":{"line":101,"column":4},"end":{"line":101,"column":null}},"48":{"start":{"line":101,"column":20},"end":{"line":101,"column":null}},"49":{"start":{"line":102,"column":4},"end":{"line":102,"column":null}},"50":{"start":{"line":105,"column":21},"end":{"line":113,"column":2}},"51":{"start":{"line":106,"column":22},"end":{"line":106,"column":61}},"52":{"start":{"line":109,"column":4},"end":{"line":112,"column":null}},"53":{"start":{"line":110,"column":30},"end":{"line":110,"column":51}},"54":{"start":{"line":111,"column":8},"end":{"line":111,"column":null}},"55":{"start":{"line":115,"column":4},"end":{"line":118,"column":null}},"56":{"start":{"line":116,"column":8},"end":{"line":116,"column":null}},"57":{"start":{"line":117,"column":8},"end":{"line":117,"column":null}},"58":{"start":{"line":121,"column":15},"end":{"line":121,"column":17}},"59":{"start":{"line":122,"column":4},"end":{"line":133,"column":null}},"60":{"start":{"line":123,"column":8},"end":{"line":132,"column":null}},"61":{"start":{"line":134,"column":4},"end":{"line":134,"column":null}}},"fnMap":{"0":{"name":"renderPromotionItems","decl":{"start":{"line":2,"column":16},"end":{"line":2,"column":36}},"loc":{"start":{"line":2,"column":44},"end":{"line":29,"column":null}},"line":2},"1":{"name":"(anonymous_1)","decl":{"start":{"line":8,"column":16},"end":{"line":8,"column":17}},"loc":{"start":{"line":8,"column":26},"end":{"line":26,"column":3}},"line":8},"2":{"name":"renderRecipeHeader","decl":{"start":{"line":32,"column":16},"end":{"line":32,"column":34}},"loc":{"start":{"line":32,"column":43},"end":{"line":49,"column":null}},"line":32},"3":{"name":"renderIngredients","decl":{"start":{"line":52,"column":16},"end":{"line":52,"column":33}},"loc":{"start":{"line":52,"column":47},"end":{"line":63,"column":null}},"line":52},"4":{"name":"(anonymous_4)","decl":{"start":{"line":57,"column":24},"end":{"line":57,"column":28}},"loc":{"start":{"line":57,"column":32},"end":{"line":62,"column":5}},"line":57},"5":{"name":"renderInstructions","decl":{"start":{"line":66,"column":16},"end":{"line":66,"column":34}},"loc":{"start":{"line":66,"column":49},"end":{"line":96,"column":null}},"line":66},"6":{"name":"(anonymous_6)","decl":{"start":{"line":73,"column":13},"end":{"line":73,"column":14}},"loc":{"start":{"line":73,"column":18},"end":{"line":73,"column":26}},"line":73},"7":{"name":"(anonymous_7)","decl":{"start":{"line":74,"column":16},"end":{"line":74,"column":17}},"loc":{"start":{"line":74,"column":21},"end":{"line":74,"column":33}},"line":74},"8":{"name":"(anonymous_8)","decl":{"start":{"line":85,"column":18},"end":{"line":85,"column":19}},"loc":{"start":{"line":85,"column":35},"end":{"line":95,"column":5}},"line":85},"9":{"name":"renderRecipePromotions","decl":{"start":{"line":99,"column":16},"end":{"line":99,"column":38}},"loc":{"start":{"line":99,"column":68},"end":{"line":135,"column":null}},"line":99},"10":{"name":"(anonymous_10)","decl":{"start":{"line":105,"column":39},"end":{"line":105,"column":44}},"loc":{"start":{"line":105,"column":48},"end":{"line":113,"column":1}},"line":105},"11":{"name":"(anonymous_11)","decl":{"start":{"line":109,"column":32},"end":{"line":109,"column":39}},"loc":{"start":{"line":109,"column":43},"end":{"line":112,"column":5}},"line":109},"12":{"name":"(anonymous_12)","decl":{"start":{"line":122,"column":21},"end":{"line":122,"column":26}},"loc":{"start":{"line":122,"column":30},"end":{"line":133,"column":5}},"line":122}},"branchMap":{"0":{"loc":{"start":{"line":9,"column":21},"end":{"line":9,"column":52}},"type":"binary-expr","locations":[{"start":{"line":9,"column":21},"end":{"line":9,"column":41}},{"start":{"line":9,"column":45},"end":{"line":9,"column":52}}],"line":9},"1":{"loc":{"start":{"line":18,"column":54},"end":{"line":18,"column":76}},"type":"binary-expr","locations":[{"start":{"line":18,"column":54},"end":{"line":18,"column":70}},{"start":{"line":18,"column":74},"end":{"line":18,"column":76}}],"line":18},"2":{"loc":{"start":{"line":19,"column":65},"end":{"line":19,"column":81}},"type":"binary-expr","locations":[{"start":{"line":19,"column":65},"end":{"line":19,"column":75}},{"start":{"line":19,"column":79},"end":{"line":19,"column":81}}],"line":19},"3":{"loc":{"start":{"line":38,"column":4},"end":{"line":41,"column":null}},"type":"if","locations":[{"start":{"line":38,"column":4},"end":{"line":41,"column":null}},{"start":{},"end":{}}],"line":38},"4":{"loc":{"start":{"line":39,"column":18},"end":{"line":39,"column":75}},"type":"binary-expr","locations":[{"start":{"line":39,"column":18},"end":{"line":39,"column":34}},{"start":{"line":39,"column":38},"end":{"line":39,"column":75}}],"line":39},"5":{"loc":{"start":{"line":43,"column":4},"end":{"line":45,"column":null}},"type":"if","locations":[{"start":{"line":43,"column":4},"end":{"line":45,"column":null}},{"start":{},"end":{}}],"line":43},"6":{"loc":{"start":{"line":46,"column":4},"end":{"line":48,"column":null}},"type":"if","locations":[{"start":{"line":46,"column":4},"end":{"line":48,"column":null}},{"start":{},"end":{}}],"line":46},"7":{"loc":{"start":{"line":54,"column":4},"end":{"line":54,"column":null}},"type":"if","locations":[{"start":{"line":54,"column":4},"end":{"line":54,"column":null}},{"start":{},"end":{}}],"line":54},"8":{"loc":{"start":{"line":68,"column":4},"end":{"line":68,"column":27}},"type":"if","locations":[{"start":{"line":68,"column":4},"end":{"line":68,"column":27}},{"start":{},"end":{}}],"line":68},"9":{"loc":{"start":{"line":77,"column":4},"end":{"line":83,"column":null}},"type":"if","locations":[{"start":{"line":77,"column":4},"end":{"line":83,"column":null}},{"start":{},"end":{}}],"line":77},"10":{"loc":{"start":{"line":101,"column":4},"end":{"line":101,"column":null}},"type":"if","locations":[{"start":{"line":101,"column":4},"end":{"line":101,"column":null}},{"start":{},"end":{}}],"line":101},"11":{"loc":{"start":{"line":106,"column":22},"end":{"line":106,"column":61}},"type":"binary-expr","locations":[{"start":{"line":106,"column":22},"end":{"line":106,"column":55}},{"start":{"line":106,"column":59},"end":{"line":106,"column":61}}],"line":106},"12":{"loc":{"start":{"line":111,"column":15},"end":{"line":111,"column":85}},"type":"binary-expr","locations":[{"start":{"line":111,"column":15},"end":{"line":111,"column":48}},{"start":{"line":111,"column":52},"end":{"line":111,"column":85}}],"line":111},"13":{"loc":{"start":{"line":115,"column":4},"end":{"line":118,"column":null}},"type":"if","locations":[{"start":{"line":115,"column":4},"end":{"line":118,"column":null}},{"start":{},"end":{}}],"line":115},"14":{"loc":{"start":{"line":129,"column":60},"end":{"line":129,"column":82}},"type":"binary-expr","locations":[{"start":{"line":129,"column":60},"end":{"line":129,"column":76}},{"start":{"line":129,"column":80},"end":{"line":129,"column":82}}],"line":129}},"s":{"0":4,"1":4,"2":4,"3":4,"4":7,"5":7,"6":7,"7":4,"8":7,"9":7,"10":7,"11":7,"12":5,"13":5,"14":7,"15":5,"16":7,"17":5,"18":9,"19":9,"20":1,"21":8,"22":8,"23":14,"24":14,"25":14,"26":14,"27":4,"28":4,"29":1,"30":3,"31":3,"32":6,"33":6,"34":3,"35":0,"36":0,"37":0,"38":0,"39":0,"40":3,"41":6,"42":6,"43":6,"44":6,"45":6,"46":4,"47":4,"48":1,"49":3,"50":3,"51":3,"52":3,"53":3,"54":3,"55":3,"56":0,"57":0,"58":3,"59":3,"60":3,"61":3},"f":{"0":4,"1":7,"2":7,"3":9,"4":14,"5":4,"6":6,"7":6,"8":6,"9":4,"10":3,"11":3,"12":3},"b":{"0":[7,7],"1":[7,0],"2":[7,0],"3":[5,2],"4":[5,1],"5":[5,2],"6":[5,2],"7":[1,8],"8":[1,3],"9":[0,3],"10":[1,3],"11":[3,0],"12":[3,0],"13":[0,3],"14":[3,0]},"meta":{"lastBranch":15,"lastFunction":13,"lastStatement":62,"seen":{"f:2:16:2:36":0,"s:3:20:3:66":0,"s:4:2:4:Infinity":1,"s:6:22:6:24":2,"s:8:2:26:Infinity":3,"f:8:16:8:17":1,"s:9:21:9:52":4,"b:9:21:9:41:9:45:9:52":0,"s:11:4:24:Infinity":5,"b:18:54:18:70:18:74:18:76":1,"b:19:65:19:75:19:79:19:81":2,"s:25:0:25:Infinity":6,"s:28:2:28:Infinity":7,"f:32:16:32:34":2,"s:33:16:33:55":8,"s:34:17:34:55":9,"s:35:17:35:62":10,"b:38:4:41:Infinity:undefined:undefined:undefined:undefined":3,"s:38:4:41:Infinity":11,"s:39:8:39:Infinity":12,"b:39:18:39:34:39:38:39:75":4,"s:40:8:40:Infinity":13,"b:43:4:45:Infinity:undefined:undefined:undefined:undefined":5,"s:43:4:45:Infinity":14,"s:44:8:44:Infinity":15,"b:46:4:48:Infinity:undefined:undefined:undefined:undefined":6,"s:46:4:48:Infinity":16,"s:47:8:47:Infinity":17,"f:52:16:52:33":3,"s:53:17:53:59":18,"b:54:4:54:Infinity:undefined:undefined:undefined:undefined":7,"s:54:4:54:Infinity":19,"s:54:15:54:Infinity":20,"s:55:4:55:Infinity":21,"s:57:4:62:Infinity":22,"f:57:24:57:28":4,"s:58:19:58:47":23,"s:59:8:59:Infinity":24,"s:60:8:60:Infinity":25,"s:61:8:61:Infinity":26,"f:66:16:66:34":5,"s:67:22:67:71":27,"b:68:4:68:27:undefined:undefined:undefined:undefined":8,"s:68:4:68:27":28,"s:68:20:68:27":29,"s:69:4:69:Infinity":30,"s:71:18:74:34":31,"f:73:13:73:14":6,"s:73:18:73:26":32,"f:74:16:74:17":7,"s:74:21:74:33":33,"b:77:4:83:Infinity:undefined:undefined:undefined:undefined":9,"s:77:4:83:Infinity":34,"s:78:20:78:49":35,"s:79:8:79:Infinity":36,"s:80:8:80:Infinity":37,"s:81:8:81:Infinity":38,"s:82:8:82:Infinity":39,"s:85:4:95:Infinity":40,"f:85:18:85:19":8,"s:86:20:86:49":41,"s:87:8:87:55":42,"s:88:38:88:66":43,"s:90:8:93:Infinity":44,"s:94:8:94:Infinity":45,"f:99:16:99:38":9,"s:100:22:100:69":46,"b:101:4:101:Infinity:undefined:undefined:undefined:undefined":10,"s:101:4:101:Infinity":47,"s:101:20:101:Infinity":48,"s:102:4:102:Infinity":49,"s:105:21:113:2":50,"f:105:39:105:44":10,"s:106:22:106:61":51,"b:106:22:106:55:106:59:106:61":11,"s:109:4:112:Infinity":52,"f:109:32:109:39":11,"s:110:30:110:51":53,"s:111:8:111:Infinity":54,"b:111:15:111:48:111:52:111:85":12,"b:115:4:118:Infinity:undefined:undefined:undefined:undefined":13,"s:115:4:118:Infinity":55,"s:116:8:116:Infinity":56,"s:117:8:117:Infinity":57,"s:121:15:121:17":58,"s:122:4:133:Infinity":59,"f:122:21:122:26":12,"s:123:8:132:Infinity":60,"b:129:60:129:76:129:80:129:82":14,"s:134:4:134:Infinity":61}}}
,"C:\\Users\\Willi\\Medieinstitutet\\kunskapskontroll2\\src\\index.view.js": {"path":"C:\\Users\\Willi\\Medieinstitutet\\kunskapskontroll2\\src\\index.view.js","statementMap":{"0":{"start":{"line":1,"column":21},"end":{"line":1,"column":63}},"1":{"start":{"line":2,"column":21},"end":{"line":2,"column":64}},"2":{"start":{"line":3,"column":17},"end":{"line":3,"column":55}},"3":{"start":{"line":4,"column":22},"end":{"line":4,"column":65}},"4":{"start":{"line":5,"column":28},"end":{"line":5,"column":77}},"5":{"start":{"line":9,"column":2},"end":{"line":9,"column":null}},"6":{"start":{"line":10,"column":2},"end":{"line":12,"column":null}},"7":{"start":{"line":11,"column":4},"end":{"line":11,"column":null}},"8":{"start":{"line":14,"column":2},"end":{"line":57,"column":null}},"9":{"start":{"line":15,"column":17},"end":{"line":15,"column":46}},"10":{"start":{"line":16,"column":4},"end":{"line":16,"column":null}},"11":{"start":{"line":17,"column":4},"end":{"line":17,"column":null}},"12":{"start":{"line":18,"column":4},"end":{"line":18,"column":null}},"13":{"start":{"line":19,"column":4},"end":{"line":19,"column":null}},"14":{"start":{"line":19,"column":41},"end":{"line":19,"column":63}},"15":{"start":{"line":21,"column":20},"end":{"line":21,"column":49}},"16":{"start":{"line":22,"column":4},"end":{"line":22,"column":null}},"17":{"start":{"line":23,"column":4},"end":{"line":23,"column":null}},"18":{"start":{"line":24,"column":4},"end":{"line":24,"column":null}},"19":{"start":{"line":26,"column":4},"end":{"line":26,"column":null}},"20":{"start":{"line":28,"column":21},"end":{"line":28,"column":50}},"21":{"start":{"line":29,"column":4},"end":{"line":29,"column":null}},"22":{"start":{"line":30,"column":23},"end":{"line":30,"column":51}},"23":{"start":{"line":31,"column":4},"end":{"line":31,"column":null}},"24":{"start":{"line":32,"column":4},"end":{"line":32,"column":null}},"25":{"start":{"line":33,"column":30},"end":{"line":33,"column":57}},"26":{"start":{"line":34,"column":4},"end":{"line":34,"column":null}},"27":{"start":{"line":35,"column":4},"end":{"line":35,"column":null}},"28":{"start":{"line":37,"column":4},"end":{"line":37,"column":null}},"29":{"start":{"line":38,"column":4},"end":{"line":38,"column":null}},"30":{"start":{"line":39,"column":4},"end":{"line":39,"column":null}},"31":{"start":{"line":41,"column":23},"end":{"line":41,"column":52}},"32":{"start":{"line":42,"column":4},"end":{"line":42,"column":null}},"33":{"start":{"line":44,"column":23},"end":{"line":44,"column":53}},"34":{"start":{"line":45,"column":4},"end":{"line":45,"column":null}},"35":{"start":{"line":46,"column":4},"end":{"line":46,"column":null}},"36":{"start":{"line":48,"column":23},"end":{"line":48,"column":53}},"37":{"start":{"line":49,"column":4},"end":{"line":49,"column":null}},"38":{"start":{"line":50,"column":4},"end":{"line":50,"column":null}},"39":{"start":{"line":52,"column":4},"end":{"line":52,"column":null}},"40":{"start":{"line":53,"column":4},"end":{"line":53,"column":null}},"41":{"start":{"line":54,"column":4},"end":{"line":54,"column":null}},"42":{"start":{"line":56,"column":4},"end":{"line":56,"column":null}},"43":{"start":{"line":62,"column":2},"end":{"line":62,"column":null}},"44":{"start":{"line":63,"column":2},"end":{"line":65,"column":null}},"45":{"start":{"line":64,"column":4},"end":{"line":64,"column":null}},"46":{"start":{"line":67,"column":2},"end":{"line":81,"column":null}},"47":{"start":{"line":68,"column":27},"end":{"line":68,"column":57}},"48":{"start":{"line":69,"column":4},"end":{"line":70,"column":null}},"49":{"start":{"line":71,"column":4},"end":{"line":71,"column":null}},"50":{"start":{"line":73,"column":25},"end":{"line":73,"column":57}},"51":{"start":{"line":74,"column":4},"end":{"line":74,"column":null}},"52":{"start":{"line":75,"column":4},"end":{"line":75,"column":null}},"53":{"start":{"line":76,"column":4},"end":{"line":76,"column":null}},"54":{"start":{"line":77,"column":4},"end":{"line":77,"column":null}},"55":{"start":{"line":77,"column":49},"end":{"line":77,"column":72}},"56":{"start":{"line":79,"column":4},"end":{"line":79,"column":null}},"57":{"start":{"line":80,"column":4},"end":{"line":80,"column":null}},"58":{"start":{"line":86,"column":2},"end":{"line":91,"column":null}},"59":{"start":{"line":87,"column":4},"end":{"line":88,"column":null}},"60":{"start":{"line":90,"column":4},"end":{"line":90,"column":null}},"61":{"start":{"line":95,"column":2},"end":{"line":95,"column":null}},"62":{"start":{"line":100,"column":2},"end":{"line":100,"column":null}},"63":{"start":{"line":102,"column":2},"end":{"line":106,"column":null}},"64":{"start":{"line":103,"column":19},"end":{"line":103,"column":51}},"65":{"start":{"line":104,"column":4},"end":{"line":104,"column":null}},"66":{"start":{"line":105,"column":4},"end":{"line":105,"column":null}},"67":{"start":{"line":110,"column":2},"end":{"line":110,"column":null}},"68":{"start":{"line":111,"column":2},"end":{"line":111,"column":null}}},"fnMap":{"0":{"name":"renderRecipes","decl":{"start":{"line":8,"column":16},"end":{"line":8,"column":29}},"loc":{"start":{"line":8,"column":52},"end":{"line":58,"column":null}},"line":8},"1":{"name":"(anonymous_1)","decl":{"start":{"line":14,"column":18},"end":{"line":14,"column":24}},"loc":{"start":{"line":14,"column":28},"end":{"line":57,"column":3}},"line":14},"2":{"name":"(anonymous_2)","decl":{"start":{"line":19,"column":35},"end":{"line":19,"column":36}},"loc":{"start":{"line":19,"column":41},"end":{"line":19,"column":63}},"line":19},"3":{"name":"renderIngredients","decl":{"start":{"line":61,"column":16},"end":{"line":61,"column":33}},"loc":{"start":{"line":61,"column":57},"end":{"line":82,"column":null}},"line":61},"4":{"name":"(anonymous_4)","decl":{"start":{"line":67,"column":22},"end":{"line":67,"column":32}},"loc":{"start":{"line":67,"column":36},"end":{"line":81,"column":3}},"line":67},"5":{"name":"(anonymous_5)","decl":{"start":{"line":77,"column":43},"end":{"line":77,"column":44}},"loc":{"start":{"line":77,"column":49},"end":{"line":77,"column":72}},"line":77},"6":{"name":"renderResultInfo","decl":{"start":{"line":85,"column":16},"end":{"line":85,"column":32}},"loc":{"start":{"line":85,"column":47},"end":{"line":92,"column":null}},"line":85},"7":{"name":"capitalizeFirstLetter","decl":{"start":{"line":94,"column":16},"end":{"line":94,"column":37}},"loc":{"start":{"line":94,"column":46},"end":{"line":96,"column":null}},"line":94},"8":{"name":"renderIngredientSuggestions","decl":{"start":{"line":99,"column":16},"end":{"line":99,"column":43}},"loc":{"start":{"line":99,"column":57},"end":{"line":107,"column":null}},"line":99},"9":{"name":"(anonymous_9)","decl":{"start":{"line":102,"column":22},"end":{"line":102,"column":32}},"loc":{"start":{"line":102,"column":36},"end":{"line":106,"column":3}},"line":102},"10":{"name":"clearIngredientInputAndSuggestions","decl":{"start":{"line":109,"column":16},"end":{"line":109,"column":50}},"loc":{"start":{"line":109,"column":53},"end":{"line":112,"column":null}},"line":109}},"branchMap":{"0":{"loc":{"start":{"line":10,"column":2},"end":{"line":12,"column":null}},"type":"if","locations":[{"start":{"line":10,"column":2},"end":{"line":12,"column":null}},{"start":{},"end":{}}],"line":10},"1":{"loc":{"start":{"line":22,"column":20},"end":{"line":22,"column":73}},"type":"binary-expr","locations":[{"start":{"line":22,"column":20},"end":{"line":22,"column":36}},{"start":{"line":22,"column":40},"end":{"line":22,"column":73}}],"line":22},"2":{"loc":{"start":{"line":46,"column":50},"end":{"line":46,"column":100}},"type":"cond-expr","locations":[{"start":{"line":46,"column":73},"end":{"line":46,"column":84}},{"start":{"line":46,"column":87},"end":{"line":46,"column":100}}],"line":46},"3":{"loc":{"start":{"line":50,"column":49},"end":{"line":50,"column":99}},"type":"cond-expr","locations":[{"start":{"line":50,"column":71},"end":{"line":50,"column":83}},{"start":{"line":50,"column":86},"end":{"line":50,"column":99}}],"line":50},"4":{"loc":{"start":{"line":63,"column":2},"end":{"line":65,"column":null}},"type":"if","locations":[{"start":{"line":63,"column":2},"end":{"line":65,"column":null}},{"start":{},"end":{}}],"line":63},"5":{"loc":{"start":{"line":86,"column":2},"end":{"line":91,"column":null}},"type":"if","locations":[{"start":{"line":86,"column":2},"end":{"line":91,"column":null}},{"start":{"line":89,"column":9},"end":{"line":91,"column":null}}],"line":86}},"s":{"0":1,"1":1,"2":1,"3":1,"4":1,"5":1,"6":1,"7":0,"8":1,"9":2,"10":2,"11":2,"12":2,"13":2,"14":0,"15":2,"16":2,"17":2,"18":2,"19":2,"20":2,"21":2,"22":2,"23":2,"24":2,"25":2,"26":2,"27":2,"28":2,"29":2,"30":2,"31":2,"32":2,"33":2,"34":2,"35":2,"36":2,"37":2,"38":2,"39":2,"40":2,"41":2,"42":2,"43":0,"44":0,"45":0,"46":0,"47":0,"48":0,"49":0,"50":0,"51":0,"52":0,"53":0,"54":0,"55":0,"56":0,"57":0,"58":0,"59":0,"60":0,"61":2,"62":0,"63":0,"64":0,"65":0,"66":0,"67":0,"68":0},"f":{"0":1,"1":2,"2":0,"3":0,"4":0,"5":0,"6":0,"7":2,"8":0,"9":0,"10":0},"b":{"0":[0,1],"1":[2,2],"2":[1,1],"3":[1,1],"4":[0,0],"5":[0,0]},"meta":{"lastBranch":6,"lastFunction":11,"lastStatement":69,"seen":{"s:1:21:1:63":0,"s:2:21:2:64":1,"s:3:17:3:55":2,"s:4:22:4:65":3,"s:5:28:5:77":4,"f:8:16:8:29":0,"s:9:2:9:Infinity":5,"b:10:2:12:Infinity:undefined:undefined:undefined:undefined":0,"s:10:2:12:Infinity":6,"s:11:4:11:Infinity":7,"s:14:2:57:Infinity":8,"f:14:18:14:24":1,"s:15:17:15:46":9,"s:16:4:16:Infinity":10,"s:17:4:17:Infinity":11,"s:18:4:18:Infinity":12,"s:19:4:19:Infinity":13,"f:19:35:19:36":2,"s:19:41:19:63":14,"s:21:20:21:49":15,"s:22:4:22:Infinity":16,"b:22:20:22:36:22:40:22:73":1,"s:23:4:23:Infinity":17,"s:24:4:24:Infinity":18,"s:26:4:26:Infinity":19,"s:28:21:28:50":20,"s:29:4:29:Infinity":21,"s:30:23:30:51":22,"s:31:4:31:Infinity":23,"s:32:4:32:Infinity":24,"s:33:30:33:57":25,"s:34:4:34:Infinity":26,"s:35:4:35:Infinity":27,"s:37:4:37:Infinity":28,"s:38:4:38:Infinity":29,"s:39:4:39:Infinity":30,"s:41:23:41:52":31,"s:42:4:42:Infinity":32,"s:44:23:44:53":33,"s:45:4:45:Infinity":34,"s:46:4:46:Infinity":35,"b:46:73:46:84:46:87:46:100":2,"s:48:23:48:53":36,"s:49:4:49:Infinity":37,"s:50:4:50:Infinity":38,"b:50:71:50:83:50:86:50:99":3,"s:52:4:52:Infinity":39,"s:53:4:53:Infinity":40,"s:54:4:54:Infinity":41,"s:56:4:56:Infinity":42,"f:61:16:61:33":3,"s:62:2:62:Infinity":43,"b:63:2:65:Infinity:undefined:undefined:undefined:undefined":4,"s:63:2:65:Infinity":44,"s:64:4:64:Infinity":45,"s:67:2:81:Infinity":46,"f:67:22:67:32":4,"s:68:27:68:57":47,"s:69:4:70:Infinity":48,"s:71:4:71:Infinity":49,"s:73:25:73:57":50,"s:74:4:74:Infinity":51,"s:75:4:75:Infinity":52,"s:76:4:76:Infinity":53,"s:77:4:77:Infinity":54,"f:77:43:77:44":5,"s:77:49:77:72":55,"s:79:4:79:Infinity":56,"s:80:4:80:Infinity":57,"f:85:16:85:32":6,"b:86:2:91:Infinity:89:9:91:Infinity":5,"s:86:2:91:Infinity":58,"s:87:4:88:Infinity":59,"s:90:4:90:Infinity":60,"f:94:16:94:37":7,"s:95:2:95:Infinity":61,"f:99:16:99:43":8,"s:100:2:100:Infinity":62,"s:102:2:106:Infinity":63,"f:102:22:102:32":9,"s:103:19:103:51":64,"s:104:4:104:Infinity":65,"s:105:4:105:Infinity":66,"f:109:16:109:50":10,"s:110:2:110:Infinity":67,"s:111:2:111:Infinity":68}}}
,"C:\\Users\\Willi\\Medieinstitutet\\kunskapskontroll2\\src\\product-detail.js": {"path":"C:\\Users\\Willi\\Medieinstitutet\\kunskapskontroll2\\src\\product-detail.js","statementMap":{"0":{"start":{"line":6,"column":17},"end":{"line":6,"column":60}},"1":{"start":{"line":7,"column":2},"end":{"line":7,"column":26}},"2":{"start":{"line":11,"column":2},"end":{"line":11,"column":69}},"3":{"start":{"line":12,"column":2},"end":{"line":12,"column":64}},"4":{"start":{"line":13,"column":2},"end":{"line":13,"column":68}},"5":{"start":{"line":17,"column":2},"end":{"line":17,"column":66}},"6":{"start":{"line":18,"column":2},"end":{"line":18,"column":67}},"7":{"start":{"line":19,"column":2},"end":{"line":19,"column":68}},"8":{"start":{"line":23,"column":2},"end":{"line":23,"column":66}},"9":{"start":{"line":24,"column":2},"end":{"line":24,"column":64}},"10":{"start":{"line":25,"column":2},"end":{"line":25,"column":71}},"11":{"start":{"line":29,"column":2},"end":{"line":29,"column":27}},"12":{"start":{"line":29,"column":16},"end":{"line":29,"column":27}},"13":{"start":{"line":30,"column":2},"end":{"line":30,"column":55}},"14":{"start":{"line":36,"column":14},"end":{"line":36,"column":53}},"15":{"start":{"line":37,"column":2},"end":{"line":38,"column":74}},"16":{"start":{"line":39,"column":2},"end":{"line":39,"column":33}},"17":{"start":{"line":41,"column":2},"end":{"line":42,"column":38}},"18":{"start":{"line":43,"column":2},"end":{"line":43,"column":78}},"19":{"start":{"line":44,"column":2},"end":{"line":45,"column":32}},"20":{"start":{"line":47,"column":2},"end":{"line":47,"column":67}},"21":{"start":{"line":49,"column":2},"end":{"line":51,"column":10}},"22":{"start":{"line":52,"column":2},"end":{"line":52,"column":67}},"23":{"start":{"line":54,"column":2},"end":{"line":54,"column":73}},"24":{"start":{"line":55,"column":2},"end":{"line":56,"column":62}},"25":{"start":{"line":60,"column":20},"end":{"line":60,"column":63}},"26":{"start":{"line":62,"column":2},"end":{"line":65,"column":3}},"27":{"start":{"line":63,"column":4},"end":{"line":63,"column":76}},"28":{"start":{"line":64,"column":4},"end":{"line":64,"column":11}},"29":{"start":{"line":67,"column":15},"end":{"line":94,"column":3}},"30":{"start":{"line":96,"column":20},"end":{"line":104,"column":13}},"31":{"start":{"line":98,"column":13},"end":{"line":102,"column":18}},"32":{"start":{"line":106,"column":2},"end":{"line":106,"column":78}},"33":{"start":{"line":110,"column":20},"end":{"line":110,"column":61}},"34":{"start":{"line":111,"column":2},"end":{"line":115,"column":3}},"35":{"start":{"line":112,"column":4},"end":{"line":113,"column":77}},"36":{"start":{"line":114,"column":4},"end":{"line":114,"column":11}},"37":{"start":{"line":116,"column":2},"end":{"line":116,"column":69}},"38":{"start":{"line":122,"column":2},"end":{"line":122,"column":16}},"39":{"start":{"line":124,"column":13},"end":{"line":124,"column":27}},"40":{"start":{"line":126,"column":2},"end":{"line":129,"column":3}},"41":{"start":{"line":127,"column":4},"end":{"line":127,"column":16}},"42":{"start":{"line":128,"column":4},"end":{"line":128,"column":11}},"43":{"start":{"line":131,"column":2},"end":{"line":149,"column":3}},"44":{"start":{"line":132,"column":23},"end":{"line":132,"column":48}},"45":{"start":{"line":134,"column":4},"end":{"line":137,"column":5}},"46":{"start":{"line":135,"column":6},"end":{"line":135,"column":18}},"47":{"start":{"line":136,"column":6},"end":{"line":136,"column":13}},"48":{"start":{"line":139,"column":22},"end":{"line":139,"column":35}},"49":{"start":{"line":141,"column":4},"end":{"line":141,"column":29}},"50":{"start":{"line":142,"column":4},"end":{"line":142,"column":31}},"51":{"start":{"line":143,"column":4},"end":{"line":143,"column":52}},"52":{"start":{"line":145,"column":4},"end":{"line":145,"column":18}},"53":{"start":{"line":147,"column":4},"end":{"line":147,"column":56}},"54":{"start":{"line":148,"column":4},"end":{"line":148,"column":16}},"55":{"start":{"line":152,"column":0},"end":{"line":152,"column":7}}},"fnMap":{"0":{"name":"getIdFromUrl","decl":{"start":{"line":5,"column":9},"end":{"line":5,"column":21}},"loc":{"start":{"line":5,"column":24},"end":{"line":8,"column":1}},"line":5},"1":{"name":"showLoading","decl":{"start":{"line":10,"column":9},"end":{"line":10,"column":20}},"loc":{"start":{"line":10,"column":23},"end":{"line":14,"column":1}},"line":10},"2":{"name":"showError","decl":{"start":{"line":16,"column":9},"end":{"line":16,"column":18}},"loc":{"start":{"line":16,"column":21},"end":{"line":20,"column":1}},"line":16},"3":{"name":"showContent","decl":{"start":{"line":22,"column":9},"end":{"line":22,"column":20}},"loc":{"start":{"line":22,"column":23},"end":{"line":26,"column":1}},"line":22},"4":{"name":"formatDate","decl":{"start":{"line":28,"column":9},"end":{"line":28,"column":19}},"loc":{"start":{"line":28,"column":29},"end":{"line":31,"column":1}},"line":28},"5":{"name":"renderProduct","decl":{"start":{"line":35,"column":9},"end":{"line":35,"column":22}},"loc":{"start":{"line":35,"column":26},"end":{"line":57,"column":1}},"line":35},"6":{"name":"renderNutrition","decl":{"start":{"line":59,"column":9},"end":{"line":59,"column":24}},"loc":{"start":{"line":59,"column":28},"end":{"line":107,"column":1}},"line":59},"7":{"name":"(anonymous_7)","decl":{"start":{"line":98,"column":6},"end":{"line":98,"column":7}},"loc":{"start":{"line":98,"column":13},"end":{"line":102,"column":18}},"line":98},"8":{"name":"renderRelatedRecipes","decl":{"start":{"line":109,"column":9},"end":{"line":109,"column":29}},"loc":{"start":{"line":109,"column":46},"end":{"line":117,"column":1}},"line":109},"9":{"name":"init","decl":{"start":{"line":121,"column":15},"end":{"line":121,"column":19}},"loc":{"start":{"line":121,"column":22},"end":{"line":150,"column":1}},"line":121}},"branchMap":{"0":{"loc":{"start":{"line":29,"column":2},"end":{"line":29,"column":27}},"type":"if","locations":[{"start":{"line":29,"column":2},"end":{"line":29,"column":27}},{"start":{},"end":{}}],"line":29},"1":{"loc":{"start":{"line":38,"column":4},"end":{"line":38,"column":73}},"type":"binary-expr","locations":[{"start":{"line":38,"column":4},"end":{"line":38,"column":23}},{"start":{"line":38,"column":27},"end":{"line":38,"column":73}}],"line":38},"2":{"loc":{"start":{"line":39,"column":12},"end":{"line":39,"column":32}},"type":"binary-expr","locations":[{"start":{"line":39,"column":12},"end":{"line":39,"column":26}},{"start":{"line":39,"column":30},"end":{"line":39,"column":32}}],"line":39},"3":{"loc":{"start":{"line":42,"column":4},"end":{"line":42,"column":37}},"type":"binary-expr","locations":[{"start":{"line":42,"column":4},"end":{"line":42,"column":18}},{"start":{"line":42,"column":22},"end":{"line":42,"column":37}}],"line":42},"4":{"loc":{"start":{"line":43,"column":56},"end":{"line":43,"column":77}},"type":"binary-expr","locations":[{"start":{"line":43,"column":56},"end":{"line":43,"column":71}},{"start":{"line":43,"column":75},"end":{"line":43,"column":77}}],"line":43},"5":{"loc":{"start":{"line":45,"column":4},"end":{"line":45,"column":31}},"type":"binary-expr","locations":[{"start":{"line":45,"column":4},"end":{"line":45,"column":25}},{"start":{"line":45,"column":29},"end":{"line":45,"column":31}}],"line":45},"6":{"loc":{"start":{"line":49,"column":56},"end":{"line":51,"column":9}},"type":"cond-expr","locations":[{"start":{"line":50,"column":6},"end":{"line":50,"column":21}},{"start":{"line":51,"column":6},"end":{"line":51,"column":9}}],"line":49},"7":{"loc":{"start":{"line":54,"column":53},"end":{"line":54,"column":72}},"type":"binary-expr","locations":[{"start":{"line":54,"column":53},"end":{"line":54,"column":65}},{"start":{"line":54,"column":69},"end":{"line":54,"column":72}}],"line":54},"8":{"loc":{"start":{"line":62,"column":2},"end":{"line":65,"column":3}},"type":"if","locations":[{"start":{"line":62,"column":2},"end":{"line":65,"column":3}},{"start":{},"end":{}}],"line":62},"9":{"loc":{"start":{"line":62,"column":6},"end":{"line":62,"column":50}},"type":"binary-expr","locations":[{"start":{"line":62,"column":6},"end":{"line":62,"column":27}},{"start":{"line":62,"column":31},"end":{"line":62,"column":50}}],"line":62},"10":{"loc":{"start":{"line":70,"column":13},"end":{"line":70,"column":66}},"type":"cond-expr","locations":[{"start":{"line":70,"column":37},"end":{"line":70,"column":60}},{"start":{"line":70,"column":63},"end":{"line":70,"column":66}}],"line":70},"11":{"loc":{"start":{"line":73,"column":28},"end":{"line":73,"column":66}},"type":"cond-expr","locations":[{"start":{"line":73,"column":46},"end":{"line":73,"column":60}},{"start":{"line":73,"column":63},"end":{"line":73,"column":66}}],"line":73},"12":{"loc":{"start":{"line":76,"column":13},"end":{"line":76,"column":71}},"type":"cond-expr","locations":[{"start":{"line":76,"column":41},"end":{"line":76,"column":65}},{"start":{"line":76,"column":68},"end":{"line":76,"column":71}}],"line":76},"13":{"loc":{"start":{"line":80,"column":13},"end":{"line":80,"column":55}},"type":"cond-expr","locations":[{"start":{"line":80,"column":33},"end":{"line":80,"column":49}},{"start":{"line":80,"column":52},"end":{"line":80,"column":55}}],"line":80},"14":{"loc":{"start":{"line":85,"column":13},"end":{"line":85,"column":55}},"type":"cond-expr","locations":[{"start":{"line":85,"column":33},"end":{"line":85,"column":49}},{"start":{"line":85,"column":52},"end":{"line":85,"column":55}}],"line":85},"15":{"loc":{"start":{"line":89,"column":13},"end":{"line":89,"column":59}},"type":"cond-expr","locations":[{"start":{"line":89,"column":35},"end":{"line":89,"column":53}},{"start":{"line":89,"column":56},"end":{"line":89,"column":59}}],"line":89},"16":{"loc":{"start":{"line":92,"column":28},"end":{"line":92,"column":68}},"type":"cond-expr","locations":[{"start":{"line":92,"column":47},"end":{"line":92,"column":62}},{"start":{"line":92,"column":65},"end":{"line":92,"column":68}}],"line":92},"17":{"loc":{"start":{"line":93,"column":29},"end":{"line":93,"column":71}},"type":"cond-expr","locations":[{"start":{"line":93,"column":49},"end":{"line":93,"column":65}},{"start":{"line":93,"column":68},"end":{"line":93,"column":71}}],"line":93},"18":{"loc":{"start":{"line":99,"column":25},"end":{"line":99,"column":65}},"type":"cond-expr","locations":[{"start":{"line":99,"column":39},"end":{"line":99,"column":60}},{"start":{"line":99,"column":63},"end":{"line":99,"column":65}}],"line":99},"19":{"loc":{"start":{"line":111,"column":2},"end":{"line":115,"column":3}},"type":"if","locations":[{"start":{"line":111,"column":2},"end":{"line":115,"column":3}},{"start":{},"end":{}}],"line":111},"20":{"loc":{"start":{"line":126,"column":2},"end":{"line":129,"column":3}},"type":"if","locations":[{"start":{"line":126,"column":2},"end":{"line":129,"column":3}},{"start":{},"end":{}}],"line":126},"21":{"loc":{"start":{"line":134,"column":4},"end":{"line":137,"column":5}},"type":"if","locations":[{"start":{"line":134,"column":4},"end":{"line":137,"column":5}},{"start":{},"end":{}}],"line":134},"22":{"loc":{"start":{"line":134,"column":8},"end":{"line":134,"column":46}},"type":"binary-expr","locations":[{"start":{"line":134,"column":8},"end":{"line":134,"column":19}},{"start":{"line":134,"column":23},"end":{"line":134,"column":46}}],"line":134}},"s":{"0":4,"1":4,"2":4,"3":4,"4":4,"5":3,"6":3,"7":3,"8":1,"9":1,"10":1,"11":2,"12":0,"13":2,"14":1,"15":1,"16":1,"17":1,"18":1,"19":1,"20":1,"21":1,"22":1,"23":1,"24":1,"25":1,"26":1,"27":0,"28":0,"29":1,"30":1,"31":8,"32":1,"33":1,"34":1,"35":0,"36":0,"37":1,"38":4,"39":4,"40":4,"41":1,"42":1,"43":3,"44":3,"45":2,"46":1,"47":1,"48":1,"49":1,"50":1,"51":1,"52":1,"53":1,"54":1,"55":4},"f":{"0":4,"1":4,"2":3,"3":1,"4":2,"5":1,"6":1,"7":8,"8":1,"9":4},"b":{"0":[0,2],"1":[1,0],"2":[1,0],"3":[1,0],"4":[1,0],"5":[1,0],"6":[1,0],"7":[1,0],"8":[0,1],"9":[1,0],"10":[1,0],"11":[0,1],"12":[0,1],"13":[0,1],"14":[0,1],"15":[1,0],"16":[0,1],"17":[0,1],"18":[3,5],"19":[0,1],"20":[1,3],"21":[1,1],"22":[2,2]},"meta":{"lastBranch":23,"lastFunction":10,"lastStatement":56,"seen":{"f:5:9:5:21":0,"s:6:17:6:60":0,"s:7:2:7:26":1,"f:10:9:10:20":1,"s:11:2:11:69":2,"s:12:2:12:64":3,"s:13:2:13:68":4,"f:16:9:16:18":2,"s:17:2:17:66":5,"s:18:2:18:67":6,"s:19:2:19:68":7,"f:22:9:22:20":3,"s:23:2:23:66":8,"s:24:2:24:64":9,"s:25:2:25:71":10,"f:28:9:28:19":4,"b:29:2:29:27:undefined:undefined:undefined:undefined":0,"s:29:2:29:27":11,"s:29:16:29:27":12,"s:30:2:30:55":13,"f:35:9:35:22":5,"s:36:14:36:53":14,"s:37:2:38:74":15,"b:38:4:38:23:38:27:38:73":1,"s:39:2:39:33":16,"b:39:12:39:26:39:30:39:32":2,"s:41:2:42:38":17,"b:42:4:42:18:42:22:42:37":3,"s:43:2:43:78":18,"b:43:56:43:71:43:75:43:77":4,"s:44:2:45:32":19,"b:45:4:45:25:45:29:45:31":5,"s:47:2:47:67":20,"s:49:2:51:10":21,"b:50:6:50:21:51:6:51:9":6,"s:52:2:52:67":22,"s:54:2:54:73":23,"b:54:53:54:65:54:69:54:72":7,"s:55:2:56:62":24,"f:59:9:59:24":6,"s:60:20:60:63":25,"b:62:2:65:3:undefined:undefined:undefined:undefined":8,"s:62:2:65:3":26,"b:62:6:62:27:62:31:62:50":9,"s:63:4:63:76":27,"s:64:4:64:11":28,"s:67:15:94:3":29,"b:70:37:70:60:70:63:70:66":10,"b:73:46:73:60:73:63:73:66":11,"b:76:41:76:65:76:68:76:71":12,"b:80:33:80:49:80:52:80:55":13,"b:85:33:85:49:85:52:85:55":14,"b:89:35:89:53:89:56:89:59":15,"b:92:47:92:62:92:65:92:68":16,"b:93:49:93:65:93:68:93:71":17,"s:96:20:104:13":30,"f:98:6:98:7":7,"s:98:13:102:18":31,"b:99:39:99:60:99:63:99:65":18,"s:106:2:106:78":32,"f:109:9:109:29":8,"s:110:20:110:61":33,"b:111:2:115:3:undefined:undefined:undefined:undefined":19,"s:111:2:115:3":34,"s:112:4:113:77":35,"s:114:4:114:11":36,"s:116:2:116:69":37,"f:121:15:121:19":9,"s:122:2:122:16":38,"s:124:13:124:27":39,"b:126:2:129:3:undefined:undefined:undefined:undefined":20,"s:126:2:129:3":40,"s:127:4:127:16":41,"s:128:4:128:11":42,"s:131:2:149:3":43,"s:132:23:132:48":44,"b:134:4:137:5:undefined:undefined:undefined:undefined":21,"s:134:4:137:5":45,"b:134:8:134:19:134:23:134:46":22,"s:135:6:135:18":46,"s:136:6:136:13":47,"s:139:22:139:35":48,"s:141:4:141:29":49,"s:142:4:142:31":50,"s:143:4:143:52":51,"s:145:4:145:18":52,"s:147:4:147:56":53,"s:148:4:148:16":54,"s:152:0:152:7":55}}}
,"C:\\Users\\Willi\\Medieinstitutet\\kunskapskontroll2\\src\\promotions.js": {"path":"C:\\Users\\Willi\\Medieinstitutet\\kunskapskontroll2\\src\\promotions.js","statementMap":{"0":{"start":{"line":4,"column":23},"end":{"line":4,"column":64}},"1":{"start":{"line":5,"column":20},"end":{"line":5,"column":58}},"2":{"start":{"line":9,"column":32},"end":{"line":12,"column":6}},"3":{"start":{"line":15,"column":18},"end":{"line":15,"column":20}},"4":{"start":{"line":16,"column":4},"end":{"line":18,"column":null}},"5":{"start":{"line":17,"column":8},"end":{"line":17,"column":null}},"6":{"start":{"line":20,"column":31},"end":{"line":23,"column":7}},"7":{"start":{"line":20,"column":52},"end":{"line":23,"column":5}},"8":{"start":{"line":25,"column":3},"end":{"line":25,"column":null}},"9":{"start":{"line":29,"column":21},"end":{"line":29,"column":42}},"10":{"start":{"line":30,"column":18},"end":{"line":30,"column":36}},"11":{"start":{"line":32,"column":32},"end":{"line":35,"column":6}},"12":{"start":{"line":37,"column":18},"end":{"line":37,"column":20}},"13":{"start":{"line":38,"column":4},"end":{"line":40,"column":null}},"14":{"start":{"line":39,"column":8},"end":{"line":39,"column":null}},"15":{"start":{"line":42,"column":31},"end":{"line":45,"column":7}},"16":{"start":{"line":42,"column":52},"end":{"line":45,"column":5}},"17":{"start":{"line":47,"column":3},"end":{"line":47,"column":null}},"18":{"start":{"line":52,"column":4},"end":{"line":52,"column":null}},"19":{"start":{"line":54,"column":4},"end":{"line":56,"column":null}},"20":{"start":{"line":55,"column":8},"end":{"line":55,"column":null}},"21":{"start":{"line":58,"column":4},"end":{"line":60,"column":null}},"22":{"start":{"line":59,"column":8},"end":{"line":59,"column":null}},"23":{"start":{"line":63,"column":0},"end":{"line":63,"column":null}}},"fnMap":{"0":{"name":"renderPromotions","decl":{"start":{"line":8,"column":15},"end":{"line":8,"column":31}},"loc":{"start":{"line":8,"column":49},"end":{"line":26,"column":null}},"line":8},"1":{"name":"(anonymous_1)","decl":{"start":{"line":16,"column":23},"end":{"line":16,"column":24}},"loc":{"start":{"line":16,"column":34},"end":{"line":18,"column":5}},"line":16},"2":{"name":"(anonymous_2)","decl":{"start":{"line":20,"column":41},"end":{"line":20,"column":42}},"loc":{"start":{"line":20,"column":52},"end":{"line":23,"column":5}},"line":20},"3":{"name":"handleFilter","decl":{"start":{"line":28,"column":15},"end":{"line":28,"column":27}},"loc":{"start":{"line":28,"column":30},"end":{"line":48,"column":null}},"line":28},"4":{"name":"(anonymous_4)","decl":{"start":{"line":38,"column":23},"end":{"line":38,"column":24}},"loc":{"start":{"line":38,"column":34},"end":{"line":40,"column":5}},"line":38},"5":{"name":"(anonymous_5)","decl":{"start":{"line":42,"column":41},"end":{"line":42,"column":42}},"loc":{"start":{"line":42,"column":52},"end":{"line":45,"column":5}},"line":42},"6":{"name":"init","decl":{"start":{"line":51,"column":15},"end":{"line":51,"column":19}},"loc":{"start":{"line":51,"column":22},"end":{"line":61,"column":null}},"line":51}},"branchMap":{"0":{"loc":{"start":{"line":54,"column":4},"end":{"line":56,"column":null}},"type":"if","locations":[{"start":{"line":54,"column":4},"end":{"line":56,"column":null}},{"start":{},"end":{}}],"line":54},"1":{"loc":{"start":{"line":58,"column":4},"end":{"line":60,"column":null}},"type":"if","locations":[{"start":{"line":58,"column":4},"end":{"line":60,"column":null}},{"start":{},"end":{}}],"line":58}},"s":{"0":1,"1":1,"2":1,"3":1,"4":1,"5":2,"6":1,"7":2,"8":1,"9":2,"10":2,"11":2,"12":2,"13":2,"14":4,"15":2,"16":3,"17":2,"18":1,"19":1,"20":1,"21":1,"22":1,"23":1},"f":{"0":1,"1":2,"2":2,"3":2,"4":4,"5":3,"6":1},"b":{"0":[1,0],"1":[1,0]},"meta":{"lastBranch":2,"lastFunction":7,"lastStatement":24,"seen":{"s:4:23:4:64":0,"s:5:20:5:58":1,"f:8:15:8:31":0,"s:9:32:12:6":2,"s:15:18:15:20":3,"s:16:4:18:Infinity":4,"f:16:23:16:24":1,"s:17:8:17:Infinity":5,"s:20:31:23:7":6,"f:20:41:20:42":2,"s:20:52:23:5":7,"s:25:3:25:Infinity":8,"f:28:15:28:27":3,"s:29:21:29:42":9,"s:30:18:30:36":10,"s:32:32:35:6":11,"s:37:18:37:20":12,"s:38:4:40:Infinity":13,"f:38:23:38:24":4,"s:39:8:39:Infinity":14,"s:42:31:45:7":15,"f:42:41:42:42":5,"s:42:52:45:5":16,"s:47:3:47:Infinity":17,"f:51:15:51:19":6,"s:52:4:52:Infinity":18,"b:54:4:56:Infinity:undefined:undefined:undefined:undefined":0,"s:54:4:56:Infinity":19,"s:55:8:55:Infinity":20,"b:58:4:60:Infinity:undefined:undefined:undefined:undefined":1,"s:58:4:60:Infinity":21,"s:59:8:59:Infinity":22,"s:63:0:63:Infinity":23}}}
,"C:\\Users\\Willi\\Medieinstitutet\\kunskapskontroll2\\src\\recipe-page.js": {"path":"C:\\Users\\Willi\\Medieinstitutet\\kunskapskontroll2\\src\\recipe-page.js","statementMap":{"0":{"start":{"line":7,"column":14},"end":{"line":7,"column":31}},"1":{"start":{"line":11,"column":19},"end":{"line":11,"column":62}},"2":{"start":{"line":12,"column":4},"end":{"line":12,"column":35}},"3":{"start":{"line":17,"column":21},"end":{"line":17,"column":41}},"4":{"start":{"line":19,"column":4},"end":{"line":22,"column":null}},"5":{"start":{"line":20,"column":8},"end":{"line":20,"column":null}},"6":{"start":{"line":21,"column":8},"end":{"line":21,"column":null}},"7":{"start":{"line":24,"column":4},"end":{"line":52,"column":null}},"8":{"start":{"line":26,"column":45},"end":{"line":29,"column":10}},"9":{"start":{"line":31,"column":23},"end":{"line":31,"column":36}},"10":{"start":{"line":33,"column":8},"end":{"line":36,"column":null}},"11":{"start":{"line":34,"column":12},"end":{"line":34,"column":null}},"12":{"start":{"line":35,"column":12},"end":{"line":35,"column":null}},"13":{"start":{"line":39,"column":8},"end":{"line":39,"column":null}},"14":{"start":{"line":40,"column":8},"end":{"line":40,"column":null}},"15":{"start":{"line":43,"column":8},"end":{"line":43,"column":null}},"16":{"start":{"line":44,"column":8},"end":{"line":44,"column":null}},"17":{"start":{"line":45,"column":8},"end":{"line":45,"column":null}},"18":{"start":{"line":48,"column":8},"end":{"line":48,"column":null}},"19":{"start":{"line":51,"column":8},"end":{"line":51,"column":null}},"20":{"start":{"line":56,"column":0},"end":{"line":56,"column":null}}},"fnMap":{"0":{"name":"getRecipeIdFromUrl","decl":{"start":{"line":10,"column":16},"end":{"line":10,"column":34}},"loc":{"start":{"line":10,"column":37},"end":{"line":13,"column":null}},"line":10},"1":{"name":"init","decl":{"start":{"line":16,"column":22},"end":{"line":16,"column":26}},"loc":{"start":{"line":16,"column":29},"end":{"line":53,"column":null}},"line":16}},"branchMap":{"0":{"loc":{"start":{"line":12,"column":11},"end":{"line":12,"column":34}},"type":"binary-expr","locations":[{"start":{"line":12,"column":11},"end":{"line":12,"column":27}},{"start":{"line":12,"column":31},"end":{"line":12,"column":34}}],"line":12},"1":{"loc":{"start":{"line":19,"column":4},"end":{"line":22,"column":null}},"type":"if","locations":[{"start":{"line":19,"column":4},"end":{"line":22,"column":null}},{"start":{},"end":{}}],"line":19},"2":{"loc":{"start":{"line":33,"column":8},"end":{"line":36,"column":null}},"type":"if","locations":[{"start":{"line":33,"column":8},"end":{"line":36,"column":null}},{"start":{},"end":{}}],"line":33}},"s":{"0":1,"1":4,"2":4,"3":4,"4":4,"5":0,"6":0,"7":4,"8":4,"9":4,"10":4,"11":0,"12":0,"13":4,"14":4,"15":4,"16":4,"17":4,"18":4,"19":0,"20":1},"f":{"0":4,"1":4},"b":{"0":[4,4],"1":[0,4],"2":[0,4]},"meta":{"lastBranch":3,"lastFunction":2,"lastStatement":21,"seen":{"s:7:14:7:31":0,"f:10:16:10:34":0,"s:11:19:11:62":1,"s:12:4:12:35":2,"b:12:11:12:27:12:31:12:34":0,"f:16:22:16:26":1,"s:17:21:17:41":3,"b:19:4:22:Infinity:undefined:undefined:undefined:undefined":1,"s:19:4:22:Infinity":4,"s:20:8:20:Infinity":5,"s:21:8:21:Infinity":6,"s:24:4:52:Infinity":7,"s:26:45:29:10":8,"s:31:23:31:36":9,"b:33:8:36:Infinity:undefined:undefined:undefined:undefined":2,"s:33:8:36:Infinity":10,"s:34:12:34:Infinity":11,"s:35:12:35:Infinity":12,"s:39:8:39:Infinity":13,"s:40:8:40:Infinity":14,"s:43:8:43:Infinity":15,"s:44:8:44:Infinity":16,"s:45:8:45:Infinity":17,"s:48:8:48:Infinity":18,"s:51:8:51:Infinity":19,"s:56:0:56:Infinity":20}}}
}
